Removed Pin From Net: NetName=+5V Pin=U4-1
Removed Pin From Net: NetName=+5V Pin=U4-1
Removed Pin From Net: NetName=TXD Pin=U4-2
Removed Pin From Net: NetName=TXD Pin=U4-2
Removed Pin From Net: NetName=RXD Pin=U4-3
Removed Pin From Net: NetName=RXD Pin=U4-3
Removed Pin From Net: NetName=GND Pin=U4-4
Removed Pin From Net: NetName=GND Pin=U4-4
Removed Pin From Net: NetName=A+ Pin=U4-5
Removed Pin From Net: NetName=A+ Pin=U4-5
Removed Pin From Net: NetName=B- Pin=U4-6
Removed Pin From Net: NetName=B- Pin=U4-6
Removed Pin From Net: NetName=GROUND Pin=U4-7
Removed Pin From Net: NetName=GROUND Pin=U4-7
Removed Member From Class: ClassName=SCH_Project_Final Member=U4
Added Component: Designator=RS1(RS485 - Version2)
Added Pin To Net: NetName=GND Pin=RS1-1
Added Pin To Net: NetName=GND Pin=RS1-1
Added Pin To Net: NetName=RXD Pin=RS1-2
Added Pin To Net: NetName=RXD Pin=RS1-2
Added Pin To Net: NetName=TXD Pin=RS1-3
Added Pin To Net: NetName=TXD Pin=RS1-3
Added Pin To Net: NetName=+5V Pin=RS1-4
Added Pin To Net: NetName=+5V Pin=RS1-4
Added Pin To Net: NetName=A+ Pin=RS1-5
Added Pin To Net: NetName=A+ Pin=RS1-5
Added Pin To Net: NetName=B- Pin=RS1-6
Added Pin To Net: NetName=B- Pin=RS1-6
Added Pin To Net: NetName=GROUND Pin=RS1-7
Added Pin To Net: NetName=GROUND Pin=RS1-7
Added Member To Class: ClassName=SCH_Project_Final Member=Component RS1 RS485_VISION2
Added Room: Name=SCH_Project_Final
