Removed Pin From Net: NetName=5V Pin=C13-1
Removed Pin From Net: NetName=CONFIG Pin=C13-2
Removed Pin From Net: NetName=NetB1_2 Pin=C14-1
Removed Pin From Net: NetName=5V ISOLATE Pin=C15-1
Removed Pin From Net: NetName=GND ISOLATE Pin=C15-2
Change Component Footprint: Designator=C15 Old Footprint=tu hoa 4mm New Footprint=tu nhom 4 (b)
Change Component Footprint: Designator=C13 Old Footprint=tu hoa 5mm New Footprint=tu nhom 4 (b)
Change Component Footprint: Designator=C14 Old Footprint=tu hoa 5mm New Footprint=tu nhom 4 (b)
Change Component Comment : Designator=C14 Old Comment=4.7uF/25V New Comment=4.7uF
Change Component Comment : Designator=C13 Old Comment=4.7uF/25V New Comment=10uF
Change Component Comment : Designator=C15 Old Comment=10uF/16V New Comment=4.7uF
Change component parameters: Designator = "C13" ("C13"); Footprint = "tu hoa 5mm"; UniqueID = "\JHOUQKBB" ("\JHOUQKBB")
Change component parameters (AddParameter): Name = "Chung_Loai"; Value = "Dán"; VariantName = "[No Variations]"
Change component parameters (AddParameter): Name = "Don_Vi"; Value = "Con"; VariantName = "[No Variations]"
Change component parameters (AddParameter): Name = "Kieu_Chan"; Value = ""; VariantName = "[No Variations]"
Change component parameters (AddParameter): Name = "Ma_Hang"; Value = "MH001458"; VariantName = "[No Variations]"
Change component parameters (AddParameter): Name = "So_Chan"; Value = "2"; VariantName = "[No Variations]"
Change component parameters (AddParameter): Name = "Ten_Linh_Kien"; Value = "T? Nhôm 10uF 16V 4x5MM"; VariantName = "[No Variations]"
Change component parameters: Designator = "C14" ("C14"); Footprint = "tu hoa 5mm"; UniqueID = "\BMEJPLGM" ("\BMEJPLGM")
Change component parameters (AddParameter): Name = "Chung_Loai"; Value = "Dán"; VariantName = "[No Variations]"
Change component parameters (AddParameter): Name = "Don_Vi"; Value = "Con"; VariantName = "[No Variations]"
Change component parameters (AddParameter): Name = "Kieu_Chan"; Value = ""; VariantName = "[No Variations]"
Change component parameters (AddParameter): Name = "Ma_Hang"; Value = "MH003790"; VariantName = "[No Variations]"
Change component parameters (AddParameter): Name = "So_Chan"; Value = "2"; VariantName = "[No Variations]"
Change component parameters (AddParameter): Name = "Ten_Linh_Kien"; Value = "T? Nhôm 4.7uF 25V 4x4.5MM"; VariantName = "[No Variations]"
Change component parameters: Designator = "C15" ("C15"); Footprint = "tu hoa 4mm"; UniqueID = "\BBXARFWJ" ("\BBXARFWJ")
Change component parameters (AddParameter): Name = "Chung_Loai"; Value = "Dán"; VariantName = "[No Variations]"
Change component parameters (AddParameter): Name = "Don_Vi"; Value = "Con"; VariantName = "[No Variations]"
Change component parameters (AddParameter): Name = "Kieu_Chan"; Value = ""; VariantName = "[No Variations]"
Change component parameters (AddParameter): Name = "Ma_Hang"; Value = "MH003790"; VariantName = "[No Variations]"
Change component parameters (AddParameter): Name = "So_Chan"; Value = "2"; VariantName = "[No Variations]"
Change component parameters (AddParameter): Name = "Ten_Linh_Kien"; Value = "T? Nhôm 4.7uF 25V 4x4.5MM"; VariantName = "[No Variations]"
Added Pin To Net: NetName=5V ISOLATE Pin=C13-1
Added Pin To Net: NetName=GND ISOLATE Pin=C13-2
Added Pin To Net: NetName=5V Pin=C14-1
Added Pin To Net: NetName=NetB1_2 Pin=C15-1
Added Pin To Net: NetName=CONFIG Pin=C15-2
Added Member To Class: ClassName=SCH_Project_Final Member=Component C1 100uF
Added Member To Class: ClassName=SCH_Project_Final Member=Component C2 10uF
Added Member To Class: ClassName=SCH_Project_Final Member=Component C4 0.1 uF
Added Member To Class: ClassName=SCH_Project_Final Member=Component C5 220uF/16V
Added Member To Class: ClassName=SCH_Project_Final Member=Component C6 220uF/16V
Added Member To Class: ClassName=SCH_Project_Final Member=Component C7 10uF
Added Member To Class: ClassName=SCH_Project_Final Member=Component C8 0.1uF
Added Member To Class: ClassName=SCH_Project_Final Member=Component C9 100uF
Added Member To Class: ClassName=SCH_Project_Final Member=Component C10 100nF
Added Member To Class: ClassName=SCH_Project_Final Member=Component C12 100nF
Added Member To Class: ClassName=SCH_Project_Final Member=Component C13 10uF
Added Member To Class: ClassName=SCH_Project_Final Member=Component C14 4.7uF
Added Member To Class: ClassName=SCH_Project_Final Member=Component R1 10K
Added Member To Class: ClassName=SCH_Project_Final Member=Component R2 1K
Added Member To Class: ClassName=SCH_Project_Final Member=Component R3 4.7k
Added Member To Class: ClassName=SCH_Project_Final Member=Component R4 10K
Added Member To Class: ClassName=SCH_Project_Final Member=Component R6 10K
Added Member To Class: ClassName=SCH_Project_Final Member=Component R8 1k
Added Member To Class: ClassName=SCH_Project_Final Member=Component R10 1k
Added Member To Class: ClassName=SCH_Project_Final Member=Component R15 1k
Added Room: Name=SCH_Project_Final
